[0.011s] Invoking command in '/home/duallife/projects/ARM/ARM/extra_packages/build/interface': CMAKE_PREFIX_PATH=/opt/ros/humble /usr/bin/cmake /home/duallife/projects/ARM/ARM/extra_packages/interface -DCMAKE_INSTALL_PREFIX=/home/duallife/projects/ARM/ARM/extra_packages/install/interface
[0.060s] -- The C compiler identification is GNU 11.4.0
[0.106s] -- The CXX compiler identification is GNU 11.4.0
[0.113s] -- Detecting C compiler ABI info
[0.179s] -- Detecting C compiler ABI info - done
[0.183s] -- Check for working C compiler: /usr/bin/cc - skipped
[0.184s] -- Detecting C compile features
[0.184s] -- Detecting C compile features - done
[0.186s] -- Detecting CXX compiler ABI info
[0.257s] -- Detecting CXX compiler ABI info - done
[0.262s] -- Check for working CXX compiler: /usr/bin/c++ - skipped
[0.262s] -- Detecting CXX compile features
[0.263s] -- Detecting CXX compile features - done
[0.265s] -- Found ament_cmake: 1.3.9 (/opt/ros/humble/share/ament_cmake/cmake)
[0.380s] -- Found Python3: /usr/bin/python3 (found version "3.10.12") found components: Interpreter 
[0.454s] -- Found rosidl_default_generators: 1.2.0 (/opt/ros/humble/share/rosidl_default_generators/cmake)
[0.457s] -- Using all available rosidl_typesupport_c: rosidl_typesupport_fastrtps_c;rosidl_typesupport_introspection_c
[0.462s] -- Found rosidl_adapter: 3.1.5 (/opt/ros/humble/share/rosidl_adapter/cmake)
[0.496s] -- Using all available rosidl_typesupport_cpp: rosidl_typesupport_fastrtps_cpp;rosidl_typesupport_introspection_cpp
[0.706s] -- Found ament_cmake_ros: 0.10.0 (/opt/ros/humble/share/ament_cmake_ros/cmake)
[0.850s] -- Using all available rosidl_typesupport_c: rosidl_typesupport_fastrtps_c;rosidl_typesupport_introspection_c
[1.034s] -- Using all available rosidl_typesupport_cpp: rosidl_typesupport_fastrtps_cpp;rosidl_typesupport_introspection_cpp
[1.053s] -- Found PythonInterp: /usr/bin/python3 (found suitable version "3.10.12", minimum required is "3.6") 
[1.054s] -- Found python_cmake_module: 0.10.0 (/opt/ros/humble/share/python_cmake_module/cmake)
[1.076s] -- Found PythonLibs: /usr/lib/x86_64-linux-gnu/libpython3.10.so (found suitable version "3.10.12", minimum required is "3.5") 
[1.076s] -- Using PYTHON_EXECUTABLE: /usr/bin/python3
[1.076s] -- Using PYTHON_INCLUDE_DIRS: /usr/include/python3.10
[1.076s] -- Using PYTHON_LIBRARIES: /usr/lib/x86_64-linux-gnu/libpython3.10.so
[1.093s] -- Found PythonExtra: .so  
[1.119s] -- Found ament_lint_auto: 0.12.11 (/opt/ros/humble/share/ament_lint_auto/cmake)
[1.137s] -- Added test 'lint_cmake' to check CMake code style
[1.138s] -- Added test 'xmllint' to check XML markup files
[1.140s] -- Configuring done
[1.166s] -- Generating done
[1.168s] -- Build files have been written to: /home/duallife/projects/ARM/ARM/extra_packages/build/interface
[1.174s] Invoked command in '/home/duallife/projects/ARM/ARM/extra_packages/build/interface' returned '0': CMAKE_PREFIX_PATH=/opt/ros/humble /usr/bin/cmake /home/duallife/projects/ARM/ARM/extra_packages/interface -DCMAKE_INSTALL_PREFIX=/home/duallife/projects/ARM/ARM/extra_packages/install/interface
[1.176s] Invoking command in '/home/duallife/projects/ARM/ARM/extra_packages/build/interface': CMAKE_PREFIX_PATH=/opt/ros/humble /usr/bin/cmake --build /home/duallife/projects/ARM/ARM/extra_packages/build/interface -- -j16 -l16
[1.217s] [  3%] [34m[1mGenerating C code for ROS interfaces[0m
[1.226s] [  6%] [34m[1mGenerating C++ code for ROS interfaces[0m
[1.235s] [  6%] Built target ament_cmake_python_copy_interface
[1.403s] [  9%] [32mBuilding C object CMakeFiles/interface__rosidl_generator_c.dir/rosidl_generator_c/interface/msg/detail/joint_angle__functions.c.o[0m
[1.403s] [  9%] Built target interface__cpp
[1.414s] [ 19%] [34m[1mGenerating C++ introspection for ROS interfaces[0m
[1.414s] [ 19%] [34m[1mGenerating C++ type support dispatch for ROS interfaces[0m
[1.414s] [ 19%] [34m[1mGenerating C++ type support for eProsima Fast-RTPS[0m
[1.444s] [ 22%] [32m[1mLinking C shared library libinterface__rosidl_generator_c.so[0m
[1.453s] running egg_info
[1.453s] creating interface.egg-info
[1.453s] writing interface.egg-info/PKG-INFO
[1.453s] writing dependency_links to interface.egg-info/dependency_links.txt
[1.453s] writing top-level names to interface.egg-info/top_level.txt
[1.454s] writing manifest file 'interface.egg-info/SOURCES.txt'
[1.456s] reading manifest file 'interface.egg-info/SOURCES.txt'
[1.456s] writing manifest file 'interface.egg-info/SOURCES.txt'
[1.479s] [ 22%] Built target interface__rosidl_generator_c
[1.488s] [ 32%] [34m[1mGenerating C introspection for ROS interfaces[0m
[1.488s] [ 32%] [34m[1mGenerating C type support for eProsima Fast-RTPS[0m
[1.489s] [ 32%] Built target ament_cmake_python_build_interface_egg
[1.489s] [ 32%] [34m[1mGenerating C type support dispatch for ROS interfaces[0m
[1.582s] [ 35%] [32mBuilding CXX object CMakeFiles/interface__rosidl_typesupport_cpp.dir/rosidl_typesupport_cpp/interface/msg/joint_angle__type_support.cpp.o[0m
[1.601s] [ 38%] [32mBuilding CXX object CMakeFiles/interface__rosidl_typesupport_introspection_cpp.dir/rosidl_typesupport_introspection_cpp/interface/msg/detail/joint_angle__type_support.cpp.o[0m
[1.602s] [ 41%] [32mBuilding CXX object CMakeFiles/interface__rosidl_typesupport_fastrtps_cpp.dir/rosidl_typesupport_fastrtps_cpp/interface/msg/detail/dds_fastrtps/joint_angle__type_support.cpp.o[0m
[1.663s] [ 45%] [32mBuilding CXX object CMakeFiles/interface__rosidl_typesupport_c.dir/rosidl_typesupport_c/interface/msg/joint_angle__type_support.cpp.o[0m
[1.681s] [ 48%] [32mBuilding C object CMakeFiles/interface__rosidl_typesupport_introspection_c.dir/rosidl_typesupport_introspection_c/interface/msg/detail/joint_angle__type_support.c.o[0m
[1.688s] [ 54%] [32mBuilding CXX object CMakeFiles/interface__rosidl_typesupport_fastrtps_c.dir/rosidl_typesupport_fastrtps_c/interface/msg/detail/joint_angle__type_support_c.cpp.o[0m
[1.688s] [ 54%] [32m[1mLinking CXX shared library libinterface__rosidl_typesupport_c.so[0m
[1.711s] [ 58%] [32m[1mLinking C shared library libinterface__rosidl_typesupport_introspection_c.so[0m
[1.727s] [ 58%] Built target interface__rosidl_typesupport_c
[1.742s] [ 58%] Built target interface__rosidl_typesupport_introspection_c
[1.794s] [ 61%] [32m[1mLinking CXX shared library libinterface__rosidl_typesupport_cpp.so[0m
[1.838s] [ 61%] Built target interface__rosidl_typesupport_cpp
[1.896s] [ 64%] [32m[1mLinking CXX shared library libinterface__rosidl_typesupport_introspection_cpp.so[0m
[1.918s] [ 67%] [32m[1mLinking CXX shared library libinterface__rosidl_typesupport_fastrtps_cpp.so[0m
[1.935s] [ 67%] Built target interface__rosidl_typesupport_introspection_cpp
[1.943s] [ 70%] [32m[1mLinking CXX shared library libinterface__rosidl_typesupport_fastrtps_c.so[0m
[1.987s] [ 70%] Built target interface__rosidl_typesupport_fastrtps_cpp
[2.011s] [ 70%] Built target interface__rosidl_typesupport_fastrtps_c
[2.035s] [ 70%] Built target interface
[2.059s] [ 74%] [34m[1mGenerating Python code for ROS interfaces[0m
[2.293s] [ 74%] Built target interface__py
[2.318s] [ 77%] [32mBuilding C object CMakeFiles/interface__rosidl_generator_py.dir/rosidl_generator_py/interface/msg/_joint_angle_s.c.o[0m
[2.397s] [ 80%] [32m[1mLinking C shared library rosidl_generator_py/interface/libinterface__rosidl_generator_py.so[0m
[2.435s] [ 80%] Built target interface__rosidl_generator_py
[2.455s] [ 90%] [32mBuilding C object CMakeFiles/interface__rosidl_typesupport_c__pyext.dir/rosidl_generator_py/interface/_interface_s.ep.rosidl_typesupport_c.c.o[0m
[2.455s] [ 90%] [32mBuilding C object CMakeFiles/interface__rosidl_typesupport_introspection_c__pyext.dir/rosidl_generator_py/interface/_interface_s.ep.rosidl_typesupport_introspection_c.c.o[0m
[2.455s] [ 90%] [32mBuilding C object CMakeFiles/interface__rosidl_typesupport_fastrtps_c__pyext.dir/rosidl_generator_py/interface/_interface_s.ep.rosidl_typesupport_fastrtps_c.c.o[0m
[2.526s] [ 93%] [32m[1mLinking C shared library rosidl_generator_py/interface/interface_s__rosidl_typesupport_c.cpython-310-x86_64-linux-gnu.so[0m
[2.527s] [ 96%] [32m[1mLinking C shared library rosidl_generator_py/interface/interface_s__rosidl_typesupport_introspection_c.cpython-310-x86_64-linux-gnu.so[0m
[2.531s] [100%] [32m[1mLinking C shared library rosidl_generator_py/interface/interface_s__rosidl_typesupport_fastrtps_c.cpython-310-x86_64-linux-gnu.so[0m
[2.556s] [100%] Built target interface__rosidl_typesupport_introspection_c__pyext
[2.556s] [100%] Built target interface__rosidl_typesupport_c__pyext
[2.562s] [100%] Built target interface__rosidl_typesupport_fastrtps_c__pyext
[2.575s] Invoked command in '/home/duallife/projects/ARM/ARM/extra_packages/build/interface' returned '0': CMAKE_PREFIX_PATH=/opt/ros/humble /usr/bin/cmake --build /home/duallife/projects/ARM/ARM/extra_packages/build/interface -- -j16 -l16
[2.662s] Invoking command in '/home/duallife/projects/ARM/ARM/extra_packages/build/interface': CMAKE_PREFIX_PATH=/opt/ros/humble /usr/bin/cmake --install /home/duallife/projects/ARM/ARM/extra_packages/build/interface
[2.669s] -- Install configuration: ""
[2.669s] -- Installing: /home/duallife/projects/ARM/ARM/extra_packages/install/interface/share/ament_index/resource_index/rosidl_interfaces/interface
[2.669s] -- Installing: /home/duallife/projects/ARM/ARM/extra_packages/install/interface/include/interface/interface
[2.669s] -- Installing: /home/duallife/projects/ARM/ARM/extra_packages/install/interface/include/interface/interface/msg
[2.670s] -- Installing: /home/duallife/projects/ARM/ARM/extra_packages/install/interface/include/interface/interface/msg/detail
[2.670s] -- Installing: /home/duallife/projects/ARM/ARM/extra_packages/install/interface/include/interface/interface/msg/detail/joint_angle__type_support.h
[2.670s] -- Installing: /home/duallife/projects/ARM/ARM/extra_packages/install/interface/include/interface/interface/msg/detail/joint_angle__struct.h
[2.670s] -- Installing: /home/duallife/projects/ARM/ARM/extra_packages/install/interface/include/interface/interface/msg/detail/joint_angle__functions.h
[2.670s] -- Installing: /home/duallife/projects/ARM/ARM/extra_packages/install/interface/include/interface/interface/msg/detail/joint_angle__functions.c
[2.670s] -- Installing: /home/duallife/projects/ARM/ARM/extra_packages/install/interface/include/interface/interface/msg/joint_angle.h
[2.670s] -- Installing: /home/duallife/projects/ARM/ARM/extra_packages/install/interface/include/interface/interface/msg/rosidl_generator_c__visibility_control.h
[2.671s] -- Installing: /home/duallife/projects/ARM/ARM/extra_packages/install/interface/share/interface/environment/library_path.sh
[2.671s] -- Installing: /home/duallife/projects/ARM/ARM/extra_packages/install/interface/share/interface/environment/library_path.dsv
[2.671s] -- Installing: /home/duallife/projects/ARM/ARM/extra_packages/install/interface/lib/libinterface__rosidl_generator_c.so
[2.671s] -- Set runtime path of "/home/duallife/projects/ARM/ARM/extra_packages/install/interface/lib/libinterface__rosidl_generator_c.so" to ""
[2.671s] -- Up-to-date: /home/duallife/projects/ARM/ARM/extra_packages/install/interface/include/interface/interface
[2.671s] -- Up-to-date: /home/duallife/projects/ARM/ARM/extra_packages/install/interface/include/interface/interface/msg
[2.671s] -- Up-to-date: /home/duallife/projects/ARM/ARM/extra_packages/install/interface/include/interface/interface/msg/detail
[2.671s] -- Installing: /home/duallife/projects/ARM/ARM/extra_packages/install/interface/include/interface/interface/msg/detail/joint_angle__rosidl_typesupport_fastrtps_c.h
[2.672s] -- Installing: /home/duallife/projects/ARM/ARM/extra_packages/install/interface/include/interface/interface/msg/rosidl_typesupport_fastrtps_c__visibility_control.h
[2.672s] -- Installing: /home/duallife/projects/ARM/ARM/extra_packages/install/interface/lib/libinterface__rosidl_typesupport_fastrtps_c.so
[2.672s] -- Set runtime path of "/home/duallife/projects/ARM/ARM/extra_packages/install/interface/lib/libinterface__rosidl_typesupport_fastrtps_c.so" to ""
[2.672s] -- Up-to-date: /home/duallife/projects/ARM/ARM/extra_packages/install/interface/include/interface/interface
[2.672s] -- Up-to-date: /home/duallife/projects/ARM/ARM/extra_packages/install/interface/include/interface/interface/msg
[2.672s] -- Up-to-date: /home/duallife/projects/ARM/ARM/extra_packages/install/interface/include/interface/interface/msg/detail
[2.672s] -- Installing: /home/duallife/projects/ARM/ARM/extra_packages/install/interface/include/interface/interface/msg/detail/joint_angle__type_support.c
[2.673s] -- Installing: /home/duallife/projects/ARM/ARM/extra_packages/install/interface/include/interface/interface/msg/detail/joint_angle__rosidl_typesupport_introspection_c.h
[2.673s] -- Installing: /home/duallife/projects/ARM/ARM/extra_packages/install/interface/include/interface/interface/msg/rosidl_typesupport_introspection_c__visibility_control.h
[2.673s] -- Installing: /home/duallife/projects/ARM/ARM/extra_packages/install/interface/lib/libinterface__rosidl_typesupport_introspection_c.so
[2.673s] -- Set runtime path of "/home/duallife/projects/ARM/ARM/extra_packages/install/interface/lib/libinterface__rosidl_typesupport_introspection_c.so" to ""
[2.673s] -- Installing: /home/duallife/projects/ARM/ARM/extra_packages/install/interface/lib/libinterface__rosidl_typesupport_c.so
[2.674s] -- Set runtime path of "/home/duallife/projects/ARM/ARM/extra_packages/install/interface/lib/libinterface__rosidl_typesupport_c.so" to ""
[2.674s] -- Up-to-date: /home/duallife/projects/ARM/ARM/extra_packages/install/interface/include/interface/interface
[2.674s] -- Up-to-date: /home/duallife/projects/ARM/ARM/extra_packages/install/interface/include/interface/interface/msg
[2.674s] -- Up-to-date: /home/duallife/projects/ARM/ARM/extra_packages/install/interface/include/interface/interface/msg/detail
[2.674s] -- Installing: /home/duallife/projects/ARM/ARM/extra_packages/install/interface/include/interface/interface/msg/detail/joint_angle__struct.hpp
[2.674s] -- Installing: /home/duallife/projects/ARM/ARM/extra_packages/install/interface/include/interface/interface/msg/detail/joint_angle__traits.hpp
[2.674s] -- Installing: /home/duallife/projects/ARM/ARM/extra_packages/install/interface/include/interface/interface/msg/detail/joint_angle__builder.hpp
[2.674s] -- Installing: /home/duallife/projects/ARM/ARM/extra_packages/install/interface/include/interface/interface/msg/joint_angle.hpp
[2.674s] -- Up-to-date: /home/duallife/projects/ARM/ARM/extra_packages/install/interface/include/interface/interface
[2.674s] -- Up-to-date: /home/duallife/projects/ARM/ARM/extra_packages/install/interface/include/interface/interface/msg
[2.674s] -- Installing: /home/duallife/projects/ARM/ARM/extra_packages/install/interface/include/interface/interface/msg/rosidl_typesupport_fastrtps_cpp__visibility_control.h
[2.675s] -- Up-to-date: /home/duallife/projects/ARM/ARM/extra_packages/install/interface/include/interface/interface/msg/detail
[2.675s] -- Installing: /home/duallife/projects/ARM/ARM/extra_packages/install/interface/include/interface/interface/msg/detail/dds_fastrtps
[2.675s] -- Installing: /home/duallife/projects/ARM/ARM/extra_packages/install/interface/include/interface/interface/msg/detail/joint_angle__rosidl_typesupport_fastrtps_cpp.hpp
[2.675s] -- Installing: /home/duallife/projects/ARM/ARM/extra_packages/install/interface/lib/libinterface__rosidl_typesupport_fastrtps_cpp.so
[2.675s] -- Set runtime path of "/home/duallife/projects/ARM/ARM/extra_packages/install/interface/lib/libinterface__rosidl_typesupport_fastrtps_cpp.so" to ""
[2.675s] -- Up-to-date: /home/duallife/projects/ARM/ARM/extra_packages/install/interface/include/interface/interface
[2.675s] -- Up-to-date: /home/duallife/projects/ARM/ARM/extra_packages/install/interface/include/interface/interface/msg
[2.675s] -- Up-to-date: /home/duallife/projects/ARM/ARM/extra_packages/install/interface/include/interface/interface/msg/detail
[2.675s] -- Installing: /home/duallife/projects/ARM/ARM/extra_packages/install/interface/include/interface/interface/msg/detail/joint_angle__type_support.cpp
[2.676s] -- Installing: /home/duallife/projects/ARM/ARM/extra_packages/install/interface/include/interface/interface/msg/detail/joint_angle__rosidl_typesupport_introspection_cpp.hpp
[2.676s] -- Installing: /home/duallife/projects/ARM/ARM/extra_packages/install/interface/lib/libinterface__rosidl_typesupport_introspection_cpp.so
[2.676s] -- Set runtime path of "/home/duallife/projects/ARM/ARM/extra_packages/install/interface/lib/libinterface__rosidl_typesupport_introspection_cpp.so" to ""
[2.676s] -- Installing: /home/duallife/projects/ARM/ARM/extra_packages/install/interface/lib/libinterface__rosidl_typesupport_cpp.so
[2.676s] -- Set runtime path of "/home/duallife/projects/ARM/ARM/extra_packages/install/interface/lib/libinterface__rosidl_typesupport_cpp.so" to ""
[2.677s] -- Installing: /home/duallife/projects/ARM/ARM/extra_packages/install/interface/share/interface/environment/pythonpath.sh
[2.677s] -- Installing: /home/duallife/projects/ARM/ARM/extra_packages/install/interface/share/interface/environment/pythonpath.dsv
[2.677s] -- Installing: /home/duallife/projects/ARM/ARM/extra_packages/install/interface/local/lib/python3.10/dist-packages/interface-0.0.0-py3.10.egg-info
[2.677s] -- Installing: /home/duallife/projects/ARM/ARM/extra_packages/install/interface/local/lib/python3.10/dist-packages/interface-0.0.0-py3.10.egg-info/dependency_links.txt
[2.677s] -- Installing: /home/duallife/projects/ARM/ARM/extra_packages/install/interface/local/lib/python3.10/dist-packages/interface-0.0.0-py3.10.egg-info/PKG-INFO
[2.677s] -- Installing: /home/duallife/projects/ARM/ARM/extra_packages/install/interface/local/lib/python3.10/dist-packages/interface-0.0.0-py3.10.egg-info/top_level.txt
[2.677s] -- Installing: /home/duallife/projects/ARM/ARM/extra_packages/install/interface/local/lib/python3.10/dist-packages/interface-0.0.0-py3.10.egg-info/SOURCES.txt
[2.678s] -- Installing: /home/duallife/projects/ARM/ARM/extra_packages/install/interface/local/lib/python3.10/dist-packages/interface
[2.678s] -- Installing: /home/duallife/projects/ARM/ARM/extra_packages/install/interface/local/lib/python3.10/dist-packages/interface/interface_s__rosidl_typesupport_fastrtps_c.cpython-310-x86_64-linux-gnu.so
[2.678s] -- Installing: /home/duallife/projects/ARM/ARM/extra_packages/install/interface/local/lib/python3.10/dist-packages/interface/_interface_s.ep.rosidl_typesupport_introspection_c.c
[2.678s] -- Installing: /home/duallife/projects/ARM/ARM/extra_packages/install/interface/local/lib/python3.10/dist-packages/interface/interface_s__rosidl_typesupport_c.cpython-310-x86_64-linux-gnu.so
[2.678s] -- Installing: /home/duallife/projects/ARM/ARM/extra_packages/install/interface/local/lib/python3.10/dist-packages/interface/_interface_s.ep.rosidl_typesupport_c.c
[2.678s] -- Installing: /home/duallife/projects/ARM/ARM/extra_packages/install/interface/local/lib/python3.10/dist-packages/interface/__init__.py
[2.678s] -- Installing: /home/duallife/projects/ARM/ARM/extra_packages/install/interface/local/lib/python3.10/dist-packages/interface/_interface_s.ep.rosidl_typesupport_fastrtps_c.c
[2.679s] -- Installing: /home/duallife/projects/ARM/ARM/extra_packages/install/interface/local/lib/python3.10/dist-packages/interface/libinterface__rosidl_generator_py.so
[2.679s] -- Installing: /home/duallife/projects/ARM/ARM/extra_packages/install/interface/local/lib/python3.10/dist-packages/interface/msg
[2.679s] -- Installing: /home/duallife/projects/ARM/ARM/extra_packages/install/interface/local/lib/python3.10/dist-packages/interface/msg/__init__.py
[2.679s] -- Installing: /home/duallife/projects/ARM/ARM/extra_packages/install/interface/local/lib/python3.10/dist-packages/interface/msg/_joint_angle.py
[2.679s] -- Installing: /home/duallife/projects/ARM/ARM/extra_packages/install/interface/local/lib/python3.10/dist-packages/interface/msg/_joint_angle_s.c
[2.679s] -- Installing: /home/duallife/projects/ARM/ARM/extra_packages/install/interface/local/lib/python3.10/dist-packages/interface/interface_s__rosidl_typesupport_introspection_c.cpython-310-x86_64-linux-gnu.so
[2.705s] Listing '/home/duallife/projects/ARM/ARM/extra_packages/install/interface/local/lib/python3.10/dist-packages/interface'...
[2.706s] Compiling '/home/duallife/projects/ARM/ARM/extra_packages/install/interface/local/lib/python3.10/dist-packages/interface/__init__.py'...
[2.706s] Listing '/home/duallife/projects/ARM/ARM/extra_packages/install/interface/local/lib/python3.10/dist-packages/interface/msg'...
[2.706s] Compiling '/home/duallife/projects/ARM/ARM/extra_packages/install/interface/local/lib/python3.10/dist-packages/interface/msg/__init__.py'...
[2.706s] Compiling '/home/duallife/projects/ARM/ARM/extra_packages/install/interface/local/lib/python3.10/dist-packages/interface/msg/_joint_angle.py'...
[2.710s] -- Installing: /home/duallife/projects/ARM/ARM/extra_packages/install/interface/local/lib/python3.10/dist-packages/interface/interface_s__rosidl_typesupport_fastrtps_c.cpython-310-x86_64-linux-gnu.so
[2.710s] -- Set runtime path of "/home/duallife/projects/ARM/ARM/extra_packages/install/interface/local/lib/python3.10/dist-packages/interface/interface_s__rosidl_typesupport_fastrtps_c.cpython-310-x86_64-linux-gnu.so" to ""
[2.710s] -- Installing: /home/duallife/projects/ARM/ARM/extra_packages/install/interface/local/lib/python3.10/dist-packages/interface/interface_s__rosidl_typesupport_introspection_c.cpython-310-x86_64-linux-gnu.so
[2.711s] -- Set runtime path of "/home/duallife/projects/ARM/ARM/extra_packages/install/interface/local/lib/python3.10/dist-packages/interface/interface_s__rosidl_typesupport_introspection_c.cpython-310-x86_64-linux-gnu.so" to ""
[2.711s] -- Installing: /home/duallife/projects/ARM/ARM/extra_packages/install/interface/local/lib/python3.10/dist-packages/interface/interface_s__rosidl_typesupport_c.cpython-310-x86_64-linux-gnu.so
[2.712s] -- Set runtime path of "/home/duallife/projects/ARM/ARM/extra_packages/install/interface/local/lib/python3.10/dist-packages/interface/interface_s__rosidl_typesupport_c.cpython-310-x86_64-linux-gnu.so" to ""
[2.712s] -- Installing: /home/duallife/projects/ARM/ARM/extra_packages/install/interface/lib/libinterface__rosidl_generator_py.so
[2.712s] -- Set runtime path of "/home/duallife/projects/ARM/ARM/extra_packages/install/interface/lib/libinterface__rosidl_generator_py.so" to ""
[2.712s] -- Installing: /home/duallife/projects/ARM/ARM/extra_packages/install/interface/share/interface/msg/JointAngle.idl
[2.713s] -- Installing: /home/duallife/projects/ARM/ARM/extra_packages/install/interface/share/interface/msg/JointAngle.msg
[2.713s] -- Installing: /home/duallife/projects/ARM/ARM/extra_packages/install/interface/share/ament_index/resource_index/package_run_dependencies/interface
[2.713s] -- Installing: /home/duallife/projects/ARM/ARM/extra_packages/install/interface/share/ament_index/resource_index/parent_prefix_path/interface
[2.713s] -- Installing: /home/duallife/projects/ARM/ARM/extra_packages/install/interface/share/interface/environment/ament_prefix_path.sh
[2.713s] -- Installing: /home/duallife/projects/ARM/ARM/extra_packages/install/interface/share/interface/environment/ament_prefix_path.dsv
[2.713s] -- Installing: /home/duallife/projects/ARM/ARM/extra_packages/install/interface/share/interface/environment/path.sh
[2.714s] -- Installing: /home/duallife/projects/ARM/ARM/extra_packages/install/interface/share/interface/environment/path.dsv
[2.714s] -- Installing: /home/duallife/projects/ARM/ARM/extra_packages/install/interface/share/interface/local_setup.bash
[2.714s] -- Installing: /home/duallife/projects/ARM/ARM/extra_packages/install/interface/share/interface/local_setup.sh
[2.714s] -- Installing: /home/duallife/projects/ARM/ARM/extra_packages/install/interface/share/interface/local_setup.zsh
[2.714s] -- Installing: /home/duallife/projects/ARM/ARM/extra_packages/install/interface/share/interface/local_setup.dsv
[2.714s] -- Installing: /home/duallife/projects/ARM/ARM/extra_packages/install/interface/share/interface/package.dsv
[2.715s] -- Installing: /home/duallife/projects/ARM/ARM/extra_packages/install/interface/share/ament_index/resource_index/packages/interface
[2.715s] -- Installing: /home/duallife/projects/ARM/ARM/extra_packages/install/interface/share/interface/cmake/export_interface__rosidl_generator_cExport.cmake
[2.715s] -- Installing: /home/duallife/projects/ARM/ARM/extra_packages/install/interface/share/interface/cmake/export_interface__rosidl_generator_cExport-noconfig.cmake
[2.715s] -- Installing: /home/duallife/projects/ARM/ARM/extra_packages/install/interface/share/interface/cmake/export_interface__rosidl_typesupport_fastrtps_cExport.cmake
[2.715s] -- Installing: /home/duallife/projects/ARM/ARM/extra_packages/install/interface/share/interface/cmake/export_interface__rosidl_typesupport_fastrtps_cExport-noconfig.cmake
[2.716s] -- Installing: /home/duallife/projects/ARM/ARM/extra_packages/install/interface/share/interface/cmake/interface__rosidl_typesupport_introspection_cExport.cmake
[2.716s] -- Installing: /home/duallife/projects/ARM/ARM/extra_packages/install/interface/share/interface/cmake/interface__rosidl_typesupport_introspection_cExport-noconfig.cmake
[2.716s] -- Installing: /home/duallife/projects/ARM/ARM/extra_packages/install/interface/share/interface/cmake/interface__rosidl_typesupport_cExport.cmake
[2.716s] -- Installing: /home/duallife/projects/ARM/ARM/extra_packages/install/interface/share/interface/cmake/interface__rosidl_typesupport_cExport-noconfig.cmake
[2.716s] -- Installing: /home/duallife/projects/ARM/ARM/extra_packages/install/interface/share/interface/cmake/export_interface__rosidl_generator_cppExport.cmake
[2.716s] -- Installing: /home/duallife/projects/ARM/ARM/extra_packages/install/interface/share/interface/cmake/export_interface__rosidl_typesupport_fastrtps_cppExport.cmake
[2.717s] -- Installing: /home/duallife/projects/ARM/ARM/extra_packages/install/interface/share/interface/cmake/export_interface__rosidl_typesupport_fastrtps_cppExport-noconfig.cmake
[2.717s] -- Installing: /home/duallife/projects/ARM/ARM/extra_packages/install/interface/share/interface/cmake/interface__rosidl_typesupport_introspection_cppExport.cmake
[2.717s] -- Installing: /home/duallife/projects/ARM/ARM/extra_packages/install/interface/share/interface/cmake/interface__rosidl_typesupport_introspection_cppExport-noconfig.cmake
[2.717s] -- Installing: /home/duallife/projects/ARM/ARM/extra_packages/install/interface/share/interface/cmake/interface__rosidl_typesupport_cppExport.cmake
[2.717s] -- Installing: /home/duallife/projects/ARM/ARM/extra_packages/install/interface/share/interface/cmake/interface__rosidl_typesupport_cppExport-noconfig.cmake
[2.717s] -- Installing: /home/duallife/projects/ARM/ARM/extra_packages/install/interface/share/interface/cmake/export_interface__rosidl_generator_pyExport.cmake
[2.718s] -- Installing: /home/duallife/projects/ARM/ARM/extra_packages/install/interface/share/interface/cmake/export_interface__rosidl_generator_pyExport-noconfig.cmake
[2.718s] -- Installing: /home/duallife/projects/ARM/ARM/extra_packages/install/interface/share/interface/cmake/rosidl_cmake-extras.cmake
[2.718s] -- Installing: /home/duallife/projects/ARM/ARM/extra_packages/install/interface/share/interface/cmake/ament_cmake_export_include_directories-extras.cmake
[2.718s] -- Installing: /home/duallife/projects/ARM/ARM/extra_packages/install/interface/share/interface/cmake/ament_cmake_export_libraries-extras.cmake
[2.718s] -- Installing: /home/duallife/projects/ARM/ARM/extra_packages/install/interface/share/interface/cmake/ament_cmake_export_targets-extras.cmake
[2.718s] -- Installing: /home/duallife/projects/ARM/ARM/extra_packages/install/interface/share/interface/cmake/rosidl_cmake_export_typesupport_targets-extras.cmake
[2.719s] -- Installing: /home/duallife/projects/ARM/ARM/extra_packages/install/interface/share/interface/cmake/ament_cmake_export_dependencies-extras.cmake
[2.719s] -- Installing: /home/duallife/projects/ARM/ARM/extra_packages/install/interface/share/interface/cmake/rosidl_cmake_export_typesupport_libraries-extras.cmake
[2.719s] -- Installing: /home/duallife/projects/ARM/ARM/extra_packages/install/interface/share/interface/cmake/interfaceConfig.cmake
[2.719s] -- Installing: /home/duallife/projects/ARM/ARM/extra_packages/install/interface/share/interface/cmake/interfaceConfig-version.cmake
[2.719s] -- Installing: /home/duallife/projects/ARM/ARM/extra_packages/install/interface/share/interface/package.xml
[2.722s] Invoked command in '/home/duallife/projects/ARM/ARM/extra_packages/build/interface' returned '0': CMAKE_PREFIX_PATH=/opt/ros/humble /usr/bin/cmake --install /home/duallife/projects/ARM/ARM/extra_packages/build/interface
