[0.013s] Invoking command in '/home/duallife/projects/ARM/ARM/extra_packages/build/interface': CMAKE_PREFIX_PATH=/opt/ros/humble /usr/bin/cmake --build /home/duallife/projects/ARM/ARM/extra_packages/build/interface -- -j16 -l16
[0.037s] -- Found ament_cmake: 1.3.9 (/opt/ros/humble/share/ament_cmake/cmake)
[0.130s] -- Found rosidl_default_generators: 1.2.0 (/opt/ros/humble/share/rosidl_default_generators/cmake)
[0.131s] -- Using all available rosidl_typesupport_c: rosidl_typesupport_fastrtps_c;rosidl_typesupport_introspection_c
[0.133s] -- Found rosidl_adapter: 3.1.5 (/opt/ros/humble/share/rosidl_adapter/cmake)
[0.156s] -- Using all available rosidl_typesupport_cpp: rosidl_typesupport_fastrtps_cpp;rosidl_typesupport_introspection_cpp
[0.344s] -- Found ament_cmake_ros: 0.10.0 (/opt/ros/humble/share/ament_cmake_ros/cmake)
[0.482s] -- Using all available rosidl_typesupport_c: rosidl_typesupport_fastrtps_c;rosidl_typesupport_introspection_c
[0.660s] -- Using all available rosidl_typesupport_cpp: rosidl_typesupport_fastrtps_cpp;rosidl_typesupport_introspection_cpp
[0.677s] -- Found python_cmake_module: 0.10.0 (/opt/ros/humble/share/python_cmake_module/cmake)
[0.693s] -- Using PYTHON_EXECUTABLE: /usr/bin/python3
[0.693s] -- Using PYTHON_INCLUDE_DIRS: /usr/include/python3.10
[0.694s] -- Using PYTHON_LIBRARIES: /usr/lib/x86_64-linux-gnu/libpython3.10.so
[0.700s] -- Found ament_lint_auto: 0.12.11 (/opt/ros/humble/share/ament_lint_auto/cmake)
[0.709s] -- Added test 'lint_cmake' to check CMake code style
[0.710s] -- Added test 'xmllint' to check XML markup files
[0.712s] -- Configuring done
[0.741s] -- Generating done
[0.744s] -- Build files have been written to: /home/duallife/projects/ARM/ARM/extra_packages/build/interface
[0.768s] [  3%] [34m[1mGenerating C code for ROS interfaces[0m
[0.778s] [  6%] [34m[1mGenerating C++ code for ROS interfaces[0m
[0.789s] [  6%] Built target ament_cmake_python_copy_interface
[0.945s] [35m[1mConsolidate compiler generated dependencies of target interface__rosidl_generator_c[0m
[0.957s] [  9%] [32mBuilding C object CMakeFiles/interface__rosidl_generator_c.dir/rosidl_generator_c/interface/msg/detail/joint_angle__functions.c.o[0m
[0.965s] [  9%] Built target interface__cpp
[0.975s] [ 19%] [34m[1mGenerating C++ type support dispatch for ROS interfaces[0m
[0.975s] [ 19%] [34m[1mGenerating C++ type support for eProsima Fast-RTPS[0m
[0.975s] [ 19%] [34m[1mGenerating C++ introspection for ROS interfaces[0m
[0.996s] [ 22%] [32m[1mLinking C shared library libinterface__rosidl_generator_c.so[0m
[1.031s] running egg_info
[1.031s] writing interface.egg-info/PKG-INFO
[1.032s] writing dependency_links to interface.egg-info/dependency_links.txt
[1.032s] writing top-level names to interface.egg-info/top_level.txt
[1.032s] [ 22%] Built target interface__rosidl_generator_c
[1.035s] reading manifest file 'interface.egg-info/SOURCES.txt'
[1.035s] writing manifest file 'interface.egg-info/SOURCES.txt'
[1.042s] [ 32%] [34m[1mGenerating C type support dispatch for ROS interfaces[0m
[1.042s] [ 32%] [34m[1mGenerating C introspection for ROS interfaces[0m
[1.042s] [ 32%] [34m[1mGenerating C type support for eProsima Fast-RTPS[0m
[1.069s] [ 32%] Built target ament_cmake_python_build_interface_egg
[1.134s] [35m[1mConsolidate compiler generated dependencies of target interface__rosidl_typesupport_cpp[0m
[1.143s] [35m[1mConsolidate compiler generated dependencies of target interface__rosidl_typesupport_introspection_cpp[0m
[1.148s] [ 35%] [32mBuilding CXX object CMakeFiles/interface__rosidl_typesupport_cpp.dir/rosidl_typesupport_cpp/interface/msg/joint_angle__type_support.cpp.o[0m
[1.153s] [35m[1mConsolidate compiler generated dependencies of target interface__rosidl_typesupport_fastrtps_cpp[0m
[1.155s] [ 38%] [32mBuilding CXX object CMakeFiles/interface__rosidl_typesupport_introspection_cpp.dir/rosidl_typesupport_introspection_cpp/interface/msg/detail/joint_angle__type_support.cpp.o[0m
[1.167s] [ 41%] [32mBuilding CXX object CMakeFiles/interface__rosidl_typesupport_fastrtps_cpp.dir/rosidl_typesupport_fastrtps_cpp/interface/msg/detail/dds_fastrtps/joint_angle__type_support.cpp.o[0m
[1.198s] [35m[1mConsolidate compiler generated dependencies of target interface__rosidl_typesupport_c[0m
[1.210s] [ 45%] [32mBuilding CXX object CMakeFiles/interface__rosidl_typesupport_c.dir/rosidl_typesupport_c/interface/msg/joint_angle__type_support.cpp.o[0m
[1.225s] [35m[1mConsolidate compiler generated dependencies of target interface__rosidl_typesupport_introspection_c[0m
[1.236s] [35m[1mConsolidate compiler generated dependencies of target interface__rosidl_typesupport_fastrtps_c[0m
[1.236s] [ 51%] [32mBuilding C object CMakeFiles/interface__rosidl_typesupport_introspection_c.dir/rosidl_typesupport_introspection_c/interface/msg/detail/joint_angle__type_support.c.o[0m
[1.236s] [ 51%] [32m[1mLinking CXX shared library libinterface__rosidl_typesupport_c.so[0m
[1.250s] [ 54%] [32mBuilding CXX object CMakeFiles/interface__rosidl_typesupport_fastrtps_c.dir/rosidl_typesupport_fastrtps_c/interface/msg/detail/joint_angle__type_support_c.cpp.o[0m
[1.265s] [ 58%] [32m[1mLinking C shared library libinterface__rosidl_typesupport_introspection_c.so[0m
[1.272s] [ 58%] Built target interface__rosidl_typesupport_c
[1.295s] [ 58%] Built target interface__rosidl_typesupport_introspection_c
[1.355s] [ 61%] [32m[1mLinking CXX shared library libinterface__rosidl_typesupport_cpp.so[0m
[1.394s] [ 61%] Built target interface__rosidl_typesupport_cpp
[1.442s] [ 64%] [32m[1mLinking CXX shared library libinterface__rosidl_typesupport_introspection_cpp.so[0m
[1.472s] [ 67%] [32m[1mLinking CXX shared library libinterface__rosidl_typesupport_fastrtps_cpp.so[0m
[1.481s] [ 67%] Built target interface__rosidl_typesupport_introspection_cpp
[1.522s] [ 70%] [32m[1mLinking CXX shared library libinterface__rosidl_typesupport_fastrtps_c.so[0m
[1.537s] [ 70%] Built target interface__rosidl_typesupport_fastrtps_cpp
[1.582s] [ 70%] Built target interface__rosidl_typesupport_fastrtps_c
[1.603s] [ 70%] Built target interface
[1.627s] [ 74%] [34m[1mGenerating Python code for ROS interfaces[0m
[1.832s] [ 74%] Built target interface__py
[1.843s] [35m[1mConsolidate compiler generated dependencies of target interface__rosidl_generator_py[0m
[1.857s] [ 77%] [32mBuilding C object CMakeFiles/interface__rosidl_generator_py.dir/rosidl_generator_py/interface/msg/_joint_angle_s.c.o[0m
[1.932s] [ 80%] [32m[1mLinking C shared library rosidl_generator_py/interface/libinterface__rosidl_generator_py.so[0m
[1.969s] [ 80%] Built target interface__rosidl_generator_py
[1.980s] [35m[1mConsolidate compiler generated dependencies of target interface__rosidl_typesupport_introspection_c__pyext[0m
[1.981s] [35m[1mConsolidate compiler generated dependencies of target interface__rosidl_typesupport_c__pyext[0m
[1.981s] [35m[1mConsolidate compiler generated dependencies of target interface__rosidl_typesupport_fastrtps_c__pyext[0m
[1.994s] [ 87%] [32mBuilding C object CMakeFiles/interface__rosidl_typesupport_introspection_c__pyext.dir/rosidl_generator_py/interface/_interface_s.ep.rosidl_typesupport_introspection_c.c.o[0m
[1.994s] [ 87%] [32mBuilding C object CMakeFiles/interface__rosidl_typesupport_fastrtps_c__pyext.dir/rosidl_generator_py/interface/_interface_s.ep.rosidl_typesupport_fastrtps_c.c.o[0m
[1.994s] [ 90%] [32mBuilding C object CMakeFiles/interface__rosidl_typesupport_c__pyext.dir/rosidl_generator_py/interface/_interface_s.ep.rosidl_typesupport_c.c.o[0m
[2.063s] [ 96%] [32m[1mLinking C shared library rosidl_generator_py/interface/interface_s__rosidl_typesupport_c.cpython-310-x86_64-linux-gnu.so[0m
[2.064s] [ 96%] [32m[1mLinking C shared library rosidl_generator_py/interface/interface_s__rosidl_typesupport_introspection_c.cpython-310-x86_64-linux-gnu.so[0m
[2.069s] [100%] [32m[1mLinking C shared library rosidl_generator_py/interface/interface_s__rosidl_typesupport_fastrtps_c.cpython-310-x86_64-linux-gnu.so[0m
[2.093s] [100%] Built target interface__rosidl_typesupport_c__pyext
[2.093s] [100%] Built target interface__rosidl_typesupport_introspection_c__pyext
[2.100s] [100%] Built target interface__rosidl_typesupport_fastrtps_c__pyext
[2.113s] Invoked command in '/home/duallife/projects/ARM/ARM/extra_packages/build/interface' returned '0': CMAKE_PREFIX_PATH=/opt/ros/humble /usr/bin/cmake --build /home/duallife/projects/ARM/ARM/extra_packages/build/interface -- -j16 -l16
[2.207s] Invoking command in '/home/duallife/projects/ARM/ARM/extra_packages/build/interface': CMAKE_PREFIX_PATH=/opt/ros/humble /usr/bin/cmake --install /home/duallife/projects/ARM/ARM/extra_packages/build/interface
[2.214s] -- Install configuration: ""
[2.214s] -- Up-to-date: /home/duallife/projects/ARM/ARM/extra_packages/install/interface/share/ament_index/resource_index/rosidl_interfaces/interface
[2.214s] -- Up-to-date: /home/duallife/projects/ARM/ARM/extra_packages/install/interface/include/interface/interface
[2.215s] -- Up-to-date: /home/duallife/projects/ARM/ARM/extra_packages/install/interface/include/interface/interface/msg
[2.215s] -- Up-to-date: /home/duallife/projects/ARM/ARM/extra_packages/install/interface/include/interface/interface/msg/detail
[2.215s] -- Installing: /home/duallife/projects/ARM/ARM/extra_packages/install/interface/include/interface/interface/msg/detail/joint_angle__type_support.h
[2.215s] -- Installing: /home/duallife/projects/ARM/ARM/extra_packages/install/interface/include/interface/interface/msg/detail/joint_angle__struct.h
[2.215s] -- Installing: /home/duallife/projects/ARM/ARM/extra_packages/install/interface/include/interface/interface/msg/detail/joint_angle__functions.h
[2.215s] -- Installing: /home/duallife/projects/ARM/ARM/extra_packages/install/interface/include/interface/interface/msg/detail/joint_angle__functions.c
[2.215s] -- Installing: /home/duallife/projects/ARM/ARM/extra_packages/install/interface/include/interface/interface/msg/joint_angle.h
[2.215s] -- Up-to-date: /home/duallife/projects/ARM/ARM/extra_packages/install/interface/include/interface/interface/msg/rosidl_generator_c__visibility_control.h
[2.216s] -- Up-to-date: /home/duallife/projects/ARM/ARM/extra_packages/install/interface/share/interface/environment/library_path.sh
[2.216s] -- Installing: /home/duallife/projects/ARM/ARM/extra_packages/install/interface/share/interface/environment/library_path.dsv
[2.216s] -- Installing: /home/duallife/projects/ARM/ARM/extra_packages/install/interface/lib/libinterface__rosidl_generator_c.so
[2.216s] -- Set runtime path of "/home/duallife/projects/ARM/ARM/extra_packages/install/interface/lib/libinterface__rosidl_generator_c.so" to ""
[2.216s] -- Up-to-date: /home/duallife/projects/ARM/ARM/extra_packages/install/interface/include/interface/interface
[2.216s] -- Up-to-date: /home/duallife/projects/ARM/ARM/extra_packages/install/interface/include/interface/interface/msg
[2.216s] -- Up-to-date: /home/duallife/projects/ARM/ARM/extra_packages/install/interface/include/interface/interface/msg/detail
[2.216s] -- Installing: /home/duallife/projects/ARM/ARM/extra_packages/install/interface/include/interface/interface/msg/detail/joint_angle__rosidl_typesupport_fastrtps_c.h
[2.216s] -- Up-to-date: /home/duallife/projects/ARM/ARM/extra_packages/install/interface/include/interface/interface/msg/rosidl_typesupport_fastrtps_c__visibility_control.h
[2.217s] -- Installing: /home/duallife/projects/ARM/ARM/extra_packages/install/interface/lib/libinterface__rosidl_typesupport_fastrtps_c.so
[2.217s] -- Set runtime path of "/home/duallife/projects/ARM/ARM/extra_packages/install/interface/lib/libinterface__rosidl_typesupport_fastrtps_c.so" to ""
[2.217s] -- Up-to-date: /home/duallife/projects/ARM/ARM/extra_packages/install/interface/include/interface/interface
[2.217s] -- Up-to-date: /home/duallife/projects/ARM/ARM/extra_packages/install/interface/include/interface/interface/msg
[2.218s] -- Up-to-date: /home/duallife/projects/ARM/ARM/extra_packages/install/interface/include/interface/interface/msg/detail
[2.218s] -- Installing: /home/duallife/projects/ARM/ARM/extra_packages/install/interface/include/interface/interface/msg/detail/joint_angle__type_support.c
[2.218s] -- Installing: /home/duallife/projects/ARM/ARM/extra_packages/install/interface/include/interface/interface/msg/detail/joint_angle__rosidl_typesupport_introspection_c.h
[2.218s] -- Up-to-date: /home/duallife/projects/ARM/ARM/extra_packages/install/interface/include/interface/interface/msg/rosidl_typesupport_introspection_c__visibility_control.h
[2.218s] -- Installing: /home/duallife/projects/ARM/ARM/extra_packages/install/interface/lib/libinterface__rosidl_typesupport_introspection_c.so
[2.219s] -- Set runtime path of "/home/duallife/projects/ARM/ARM/extra_packages/install/interface/lib/libinterface__rosidl_typesupport_introspection_c.so" to ""
[2.219s] -- Installing: /home/duallife/projects/ARM/ARM/extra_packages/install/interface/lib/libinterface__rosidl_typesupport_c.so
[2.219s] -- Set runtime path of "/home/duallife/projects/ARM/ARM/extra_packages/install/interface/lib/libinterface__rosidl_typesupport_c.so" to ""
[2.219s] -- Up-to-date: /home/duallife/projects/ARM/ARM/extra_packages/install/interface/include/interface/interface
[2.220s] -- Up-to-date: /home/duallife/projects/ARM/ARM/extra_packages/install/interface/include/interface/interface/msg
[2.220s] -- Up-to-date: /home/duallife/projects/ARM/ARM/extra_packages/install/interface/include/interface/interface/msg/detail
[2.220s] -- Installing: /home/duallife/projects/ARM/ARM/extra_packages/install/interface/include/interface/interface/msg/detail/joint_angle__struct.hpp
[2.220s] -- Installing: /home/duallife/projects/ARM/ARM/extra_packages/install/interface/include/interface/interface/msg/detail/joint_angle__traits.hpp
[2.220s] -- Installing: /home/duallife/projects/ARM/ARM/extra_packages/install/interface/include/interface/interface/msg/detail/joint_angle__builder.hpp
[2.220s] -- Installing: /home/duallife/projects/ARM/ARM/extra_packages/install/interface/include/interface/interface/msg/joint_angle.hpp
[2.220s] -- Up-to-date: /home/duallife/projects/ARM/ARM/extra_packages/install/interface/include/interface/interface
[2.220s] -- Up-to-date: /home/duallife/projects/ARM/ARM/extra_packages/install/interface/include/interface/interface/msg
[2.220s] -- Up-to-date: /home/duallife/projects/ARM/ARM/extra_packages/install/interface/include/interface/interface/msg/rosidl_typesupport_fastrtps_cpp__visibility_control.h
[2.220s] -- Up-to-date: /home/duallife/projects/ARM/ARM/extra_packages/install/interface/include/interface/interface/msg/detail
[2.221s] -- Up-to-date: /home/duallife/projects/ARM/ARM/extra_packages/install/interface/include/interface/interface/msg/detail/dds_fastrtps
[2.221s] -- Installing: /home/duallife/projects/ARM/ARM/extra_packages/install/interface/include/interface/interface/msg/detail/joint_angle__rosidl_typesupport_fastrtps_cpp.hpp
[2.221s] -- Installing: /home/duallife/projects/ARM/ARM/extra_packages/install/interface/lib/libinterface__rosidl_typesupport_fastrtps_cpp.so
[2.221s] -- Set runtime path of "/home/duallife/projects/ARM/ARM/extra_packages/install/interface/lib/libinterface__rosidl_typesupport_fastrtps_cpp.so" to ""
[2.222s] -- Up-to-date: /home/duallife/projects/ARM/ARM/extra_packages/install/interface/include/interface/interface
[2.222s] -- Up-to-date: /home/duallife/projects/ARM/ARM/extra_packages/install/interface/include/interface/interface/msg
[2.222s] -- Up-to-date: /home/duallife/projects/ARM/ARM/extra_packages/install/interface/include/interface/interface/msg/detail
[2.222s] -- Installing: /home/duallife/projects/ARM/ARM/extra_packages/install/interface/include/interface/interface/msg/detail/joint_angle__type_support.cpp
[2.222s] -- Installing: /home/duallife/projects/ARM/ARM/extra_packages/install/interface/include/interface/interface/msg/detail/joint_angle__rosidl_typesupport_introspection_cpp.hpp
[2.222s] -- Installing: /home/duallife/projects/ARM/ARM/extra_packages/install/interface/lib/libinterface__rosidl_typesupport_introspection_cpp.so
[2.223s] -- Set runtime path of "/home/duallife/projects/ARM/ARM/extra_packages/install/interface/lib/libinterface__rosidl_typesupport_introspection_cpp.so" to ""
[2.223s] -- Installing: /home/duallife/projects/ARM/ARM/extra_packages/install/interface/lib/libinterface__rosidl_typesupport_cpp.so
[2.224s] -- Set runtime path of "/home/duallife/projects/ARM/ARM/extra_packages/install/interface/lib/libinterface__rosidl_typesupport_cpp.so" to ""
[2.224s] -- Up-to-date: /home/duallife/projects/ARM/ARM/extra_packages/install/interface/share/interface/environment/pythonpath.sh
[2.224s] -- Installing: /home/duallife/projects/ARM/ARM/extra_packages/install/interface/share/interface/environment/pythonpath.dsv
[2.224s] -- Up-to-date: /home/duallife/projects/ARM/ARM/extra_packages/install/interface/local/lib/python3.10/dist-packages/interface-0.0.0-py3.10.egg-info
[2.224s] -- Installing: /home/duallife/projects/ARM/ARM/extra_packages/install/interface/local/lib/python3.10/dist-packages/interface-0.0.0-py3.10.egg-info/dependency_links.txt
[2.224s] -- Installing: /home/duallife/projects/ARM/ARM/extra_packages/install/interface/local/lib/python3.10/dist-packages/interface-0.0.0-py3.10.egg-info/PKG-INFO
[2.224s] -- Installing: /home/duallife/projects/ARM/ARM/extra_packages/install/interface/local/lib/python3.10/dist-packages/interface-0.0.0-py3.10.egg-info/top_level.txt
[2.225s] -- Installing: /home/duallife/projects/ARM/ARM/extra_packages/install/interface/local/lib/python3.10/dist-packages/interface-0.0.0-py3.10.egg-info/SOURCES.txt
[2.225s] -- Up-to-date: /home/duallife/projects/ARM/ARM/extra_packages/install/interface/local/lib/python3.10/dist-packages/interface
[2.225s] -- Installing: /home/duallife/projects/ARM/ARM/extra_packages/install/interface/local/lib/python3.10/dist-packages/interface/interface_s__rosidl_typesupport_fastrtps_c.cpython-310-x86_64-linux-gnu.so
[2.225s] -- Installing: /home/duallife/projects/ARM/ARM/extra_packages/install/interface/local/lib/python3.10/dist-packages/interface/_interface_s.ep.rosidl_typesupport_introspection_c.c
[2.225s] -- Installing: /home/duallife/projects/ARM/ARM/extra_packages/install/interface/local/lib/python3.10/dist-packages/interface/interface_s__rosidl_typesupport_c.cpython-310-x86_64-linux-gnu.so
[2.225s] -- Installing: /home/duallife/projects/ARM/ARM/extra_packages/install/interface/local/lib/python3.10/dist-packages/interface/_interface_s.ep.rosidl_typesupport_c.c
[2.226s] -- Installing: /home/duallife/projects/ARM/ARM/extra_packages/install/interface/local/lib/python3.10/dist-packages/interface/__init__.py
[2.226s] -- Installing: /home/duallife/projects/ARM/ARM/extra_packages/install/interface/local/lib/python3.10/dist-packages/interface/_interface_s.ep.rosidl_typesupport_fastrtps_c.c
[2.226s] -- Installing: /home/duallife/projects/ARM/ARM/extra_packages/install/interface/local/lib/python3.10/dist-packages/interface/libinterface__rosidl_generator_py.so
[2.226s] -- Up-to-date: /home/duallife/projects/ARM/ARM/extra_packages/install/interface/local/lib/python3.10/dist-packages/interface/msg
[2.226s] -- Installing: /home/duallife/projects/ARM/ARM/extra_packages/install/interface/local/lib/python3.10/dist-packages/interface/msg/__init__.py
[2.226s] -- Installing: /home/duallife/projects/ARM/ARM/extra_packages/install/interface/local/lib/python3.10/dist-packages/interface/msg/_joint_angle.py
[2.226s] -- Installing: /home/duallife/projects/ARM/ARM/extra_packages/install/interface/local/lib/python3.10/dist-packages/interface/msg/_joint_angle_s.c
[2.227s] -- Installing: /home/duallife/projects/ARM/ARM/extra_packages/install/interface/local/lib/python3.10/dist-packages/interface/interface_s__rosidl_typesupport_introspection_c.cpython-310-x86_64-linux-gnu.so
[2.252s] Listing '/home/duallife/projects/ARM/ARM/extra_packages/install/interface/local/lib/python3.10/dist-packages/interface'...
[2.252s] Compiling '/home/duallife/projects/ARM/ARM/extra_packages/install/interface/local/lib/python3.10/dist-packages/interface/__init__.py'...
[2.252s] Listing '/home/duallife/projects/ARM/ARM/extra_packages/install/interface/local/lib/python3.10/dist-packages/interface/msg'...
[2.252s] Compiling '/home/duallife/projects/ARM/ARM/extra_packages/install/interface/local/lib/python3.10/dist-packages/interface/msg/__init__.py'...
[2.253s] Compiling '/home/duallife/projects/ARM/ARM/extra_packages/install/interface/local/lib/python3.10/dist-packages/interface/msg/_joint_angle.py'...
[2.256s] -- Installing: /home/duallife/projects/ARM/ARM/extra_packages/install/interface/local/lib/python3.10/dist-packages/interface/interface_s__rosidl_typesupport_fastrtps_c.cpython-310-x86_64-linux-gnu.so
[2.256s] -- Set runtime path of "/home/duallife/projects/ARM/ARM/extra_packages/install/interface/local/lib/python3.10/dist-packages/interface/interface_s__rosidl_typesupport_fastrtps_c.cpython-310-x86_64-linux-gnu.so" to ""
[2.257s] -- Installing: /home/duallife/projects/ARM/ARM/extra_packages/install/interface/local/lib/python3.10/dist-packages/interface/interface_s__rosidl_typesupport_introspection_c.cpython-310-x86_64-linux-gnu.so
[2.257s] -- Set runtime path of "/home/duallife/projects/ARM/ARM/extra_packages/install/interface/local/lib/python3.10/dist-packages/interface/interface_s__rosidl_typesupport_introspection_c.cpython-310-x86_64-linux-gnu.so" to ""
[2.257s] -- Installing: /home/duallife/projects/ARM/ARM/extra_packages/install/interface/local/lib/python3.10/dist-packages/interface/interface_s__rosidl_typesupport_c.cpython-310-x86_64-linux-gnu.so
[2.257s] -- Set runtime path of "/home/duallife/projects/ARM/ARM/extra_packages/install/interface/local/lib/python3.10/dist-packages/interface/interface_s__rosidl_typesupport_c.cpython-310-x86_64-linux-gnu.so" to ""
[2.258s] -- Installing: /home/duallife/projects/ARM/ARM/extra_packages/install/interface/lib/libinterface__rosidl_generator_py.so
[2.258s] -- Set runtime path of "/home/duallife/projects/ARM/ARM/extra_packages/install/interface/lib/libinterface__rosidl_generator_py.so" to ""
[2.258s] -- Installing: /home/duallife/projects/ARM/ARM/extra_packages/install/interface/share/interface/msg/JointAngle.idl
[2.258s] -- Installing: /home/duallife/projects/ARM/ARM/extra_packages/install/interface/share/interface/msg/JointAngle.msg
[2.258s] -- Up-to-date: /home/duallife/projects/ARM/ARM/extra_packages/install/interface/share/ament_index/resource_index/package_run_dependencies/interface
[2.259s] -- Up-to-date: /home/duallife/projects/ARM/ARM/extra_packages/install/interface/share/ament_index/resource_index/parent_prefix_path/interface
[2.259s] -- Up-to-date: /home/duallife/projects/ARM/ARM/extra_packages/install/interface/share/interface/environment/ament_prefix_path.sh
[2.259s] -- Installing: /home/duallife/projects/ARM/ARM/extra_packages/install/interface/share/interface/environment/ament_prefix_path.dsv
[2.259s] -- Up-to-date: /home/duallife/projects/ARM/ARM/extra_packages/install/interface/share/interface/environment/path.sh
[2.259s] -- Installing: /home/duallife/projects/ARM/ARM/extra_packages/install/interface/share/interface/environment/path.dsv
[2.259s] -- Up-to-date: /home/duallife/projects/ARM/ARM/extra_packages/install/interface/share/interface/local_setup.bash
[2.259s] -- Up-to-date: /home/duallife/projects/ARM/ARM/extra_packages/install/interface/share/interface/local_setup.sh
[2.259s] -- Up-to-date: /home/duallife/projects/ARM/ARM/extra_packages/install/interface/share/interface/local_setup.zsh
[2.259s] -- Installing: /home/duallife/projects/ARM/ARM/extra_packages/install/interface/share/interface/local_setup.dsv
[2.259s] -- Installing: /home/duallife/projects/ARM/ARM/extra_packages/install/interface/share/interface/package.dsv
[2.260s] -- Up-to-date: /home/duallife/projects/ARM/ARM/extra_packages/install/interface/share/ament_index/resource_index/packages/interface
[2.260s] -- Up-to-date: /home/duallife/projects/ARM/ARM/extra_packages/install/interface/share/interface/cmake/export_interface__rosidl_generator_cExport.cmake
[2.260s] -- Up-to-date: /home/duallife/projects/ARM/ARM/extra_packages/install/interface/share/interface/cmake/export_interface__rosidl_generator_cExport-noconfig.cmake
[2.260s] -- Up-to-date: /home/duallife/projects/ARM/ARM/extra_packages/install/interface/share/interface/cmake/export_interface__rosidl_typesupport_fastrtps_cExport.cmake
[2.260s] -- Up-to-date: /home/duallife/projects/ARM/ARM/extra_packages/install/interface/share/interface/cmake/export_interface__rosidl_typesupport_fastrtps_cExport-noconfig.cmake
[2.260s] -- Up-to-date: /home/duallife/projects/ARM/ARM/extra_packages/install/interface/share/interface/cmake/interface__rosidl_typesupport_introspection_cExport.cmake
[2.260s] -- Up-to-date: /home/duallife/projects/ARM/ARM/extra_packages/install/interface/share/interface/cmake/interface__rosidl_typesupport_introspection_cExport-noconfig.cmake
[2.260s] -- Up-to-date: /home/duallife/projects/ARM/ARM/extra_packages/install/interface/share/interface/cmake/interface__rosidl_typesupport_cExport.cmake
[2.260s] -- Up-to-date: /home/duallife/projects/ARM/ARM/extra_packages/install/interface/share/interface/cmake/interface__rosidl_typesupport_cExport-noconfig.cmake
[2.260s] -- Up-to-date: /home/duallife/projects/ARM/ARM/extra_packages/install/interface/share/interface/cmake/export_interface__rosidl_generator_cppExport.cmake
[2.261s] -- Up-to-date: /home/duallife/projects/ARM/ARM/extra_packages/install/interface/share/interface/cmake/export_interface__rosidl_typesupport_fastrtps_cppExport.cmake
[2.261s] -- Up-to-date: /home/duallife/projects/ARM/ARM/extra_packages/install/interface/share/interface/cmake/export_interface__rosidl_typesupport_fastrtps_cppExport-noconfig.cmake
[2.261s] -- Up-to-date: /home/duallife/projects/ARM/ARM/extra_packages/install/interface/share/interface/cmake/interface__rosidl_typesupport_introspection_cppExport.cmake
[2.261s] -- Up-to-date: /home/duallife/projects/ARM/ARM/extra_packages/install/interface/share/interface/cmake/interface__rosidl_typesupport_introspection_cppExport-noconfig.cmake
[2.261s] -- Up-to-date: /home/duallife/projects/ARM/ARM/extra_packages/install/interface/share/interface/cmake/interface__rosidl_typesupport_cppExport.cmake
[2.261s] -- Up-to-date: /home/duallife/projects/ARM/ARM/extra_packages/install/interface/share/interface/cmake/interface__rosidl_typesupport_cppExport-noconfig.cmake
[2.261s] -- Up-to-date: /home/duallife/projects/ARM/ARM/extra_packages/install/interface/share/interface/cmake/export_interface__rosidl_generator_pyExport.cmake
[2.261s] -- Up-to-date: /home/duallife/projects/ARM/ARM/extra_packages/install/interface/share/interface/cmake/export_interface__rosidl_generator_pyExport-noconfig.cmake
[2.261s] -- Up-to-date: /home/duallife/projects/ARM/ARM/extra_packages/install/interface/share/interface/cmake/rosidl_cmake-extras.cmake
[2.261s] -- Up-to-date: /home/duallife/projects/ARM/ARM/extra_packages/install/interface/share/interface/cmake/ament_cmake_export_include_directories-extras.cmake
[2.261s] -- Up-to-date: /home/duallife/projects/ARM/ARM/extra_packages/install/interface/share/interface/cmake/ament_cmake_export_libraries-extras.cmake
[2.261s] -- Up-to-date: /home/duallife/projects/ARM/ARM/extra_packages/install/interface/share/interface/cmake/ament_cmake_export_targets-extras.cmake
[2.262s] -- Up-to-date: /home/duallife/projects/ARM/ARM/extra_packages/install/interface/share/interface/cmake/rosidl_cmake_export_typesupport_targets-extras.cmake
[2.262s] -- Up-to-date: /home/duallife/projects/ARM/ARM/extra_packages/install/interface/share/interface/cmake/ament_cmake_export_dependencies-extras.cmake
[2.262s] -- Up-to-date: /home/duallife/projects/ARM/ARM/extra_packages/install/interface/share/interface/cmake/rosidl_cmake_export_typesupport_libraries-extras.cmake
[2.262s] -- Up-to-date: /home/duallife/projects/ARM/ARM/extra_packages/install/interface/share/interface/cmake/interfaceConfig.cmake
[2.262s] -- Up-to-date: /home/duallife/projects/ARM/ARM/extra_packages/install/interface/share/interface/cmake/interfaceConfig-version.cmake
[2.262s] -- Up-to-date: /home/duallife/projects/ARM/ARM/extra_packages/install/interface/share/interface/package.xml
[2.264s] Invoked command in '/home/duallife/projects/ARM/ARM/extra_packages/build/interface' returned '0': CMAKE_PREFIX_PATH=/opt/ros/humble /usr/bin/cmake --install /home/duallife/projects/ARM/ARM/extra_packages/build/interface
